-------------------------------------------------------------------------------
Test set: com.pms.AllergyServiceApplicationTests
-------------------------------------------------------------------------------
Tests run: 1, Failures: 0, Errors: 1, Skipped: 0, Time elapsed: 18.186 s <<< FAILURE! - in com.pms.AllergyServiceApplicationTests
contextLoads  Time elapsed: 0.012 s  <<< ERROR!
java.lang.IllegalStateException: Failed to load ApplicationContext for [WebMergedContextConfiguration@7e0a7b9e testClass = com.pms.AllergyServiceApplicationTests, locations = [], classes = [com.pms.AllergyServiceApplication], contextInitializerClasses = [], activeProfiles = [], propertySourceLocations = [], propertySourceProperties = ["org.springframework.boot.test.context.SpringBootTestContextBootstrapper=true"], contextCustomizers = [org.springframework.boot.test.context.filter.ExcludeFilterContextCustomizer@7e057f43, org.springframework.boot.test.json.DuplicateJsonObjectContextCustomizerFactory$DuplicateJsonObjectContextCustomizer@231f98ef, org.springframework.boot.test.mock.mockito.MockitoContextCustomizer@0, org.springframework.boot.test.web.client.TestRestTemplateContextCustomizer@6d60fe40, org.springframework.boot.test.web.reactive.server.WebTestClientContextCustomizer@302c971f, org.springframework.boot.test.autoconfigure.actuate.observability.ObservabilityContextCustomizerFactory$DisableObservabilityContextCustomizer@9da1, org.springframework.boot.test.autoconfigure.properties.PropertyMappingContextCustomizer@0, org.springframework.boot.test.autoconfigure.web.servlet.WebDriverContextCustomizerFactory$Customizer@7a5ceedd, org.springframework.boot.test.context.SpringBootTestAnnotation@7da1c5a2], resourceBasePath = "src/main/webapp", contextLoader = org.springframework.boot.test.context.SpringBootContextLoader, parent = null]
Caused by: org.springframework.beans.factory.BeanCreationException: Error creating bean with name 'dataSourceScriptDatabaseInitializer' defined in class path resource [org/springframework/boot/autoconfigure/sql/init/DataSourceInitializationConfiguration.class]: Failed to execute SQL script statement #5 of file [C:\Users\kushw\Documents\g2-capstone-backend-services\g2-allergy-service\target\classes\data.sql]: INSERT INTO allergy (`allergy_id`, `allergy_name`, `notes`) VALUES ('AL005', 'Mold Allergy', 'Coughing,itchy eyes,problem in breath')
Caused by: org.springframework.jdbc.datasource.init.ScriptStatementFailedException: Failed to execute SQL script statement #5 of file [C:\Users\kushw\Documents\g2-capstone-backend-services\g2-allergy-service\target\classes\data.sql]: INSERT INTO allergy (`allergy_id`, `allergy_name`, `notes`) VALUES ('AL005', 'Mold Allergy', 'Coughing,itchy eyes,problem in breath')
Caused by: java.sql.SQLSyntaxErrorException: Table 'allergy_db.allergy' doesn't exist

